<?xml version="1.0" encoding="UTF-8"?>
<testng-results skipped="0" failed="0" total="1" passed="1">
  <reporter-output>
    <line>
      <![CDATA[LOG INFO: wait]]>
    </line>
    <line>
      <![CDATA[LOG INFO: Enter Username]]>
    </line>
    <line>
      <![CDATA[LOG INFO: wait]]>
    </line>
    <line>
      <![CDATA[LOG INFO: Enter Password]]>
    </line>
    <line>
      <![CDATA[LOG INFO: Click on Login Button]]>
    </line>
  </reporter-output>
  <suite name="Default suite" duration-ms="15994" started-at="2020-05-01T17:25:06Z" finished-at="2020-05-01T17:25:22Z">
    <groups>
    </groups>
    <test name="Default test" duration-ms="15994" started-at="2020-05-01T17:25:06Z" finished-at="2020-05-01T17:25:22Z">
      <class name="testcases.TestLoginPage">
        <test-method status="PASS" signature="setUpReport()[pri:0, instance:testcases.TestLoginPage@2d2e5f00]" name="setUpReport" is-config="true" duration-ms="184" started-at="2020-05-01T13:25:06Z" finished-at="2020-05-01T13:25:06Z">
          <reporter-output>
          </reporter-output>
        </test-method> <!-- setUpReport -->
        <test-method status="PASS" signature="startBrowserSession()[pri:0, instance:testcases.TestLoginPage@2d2e5f00]" name="startBrowserSession" is-config="true" duration-ms="8257" started-at="2020-05-01T13:25:06Z" finished-at="2020-05-01T13:25:15Z">
          <reporter-output>
          </reporter-output>
        </test-method> <!-- startBrowserSession -->
        <test-method status="PASS" signature="testLoginToApplication()[pri:0, instance:testcases.TestLoginPage@2d2e5f00]" name="testLoginToApplication" duration-ms="6575" started-at="2020-05-01T13:25:15Z" finished-at="2020-05-01T13:25:21Z">
          <reporter-output>
            <line>
              <![CDATA[LOG INFO: wait]]>
            </line>
            <line>
              <![CDATA[LOG INFO: Enter Username]]>
            </line>
            <line>
              <![CDATA[LOG INFO: wait]]>
            </line>
            <line>
              <![CDATA[LOG INFO: Enter Password]]>
            </line>
            <line>
              <![CDATA[LOG INFO: Click on Login Button]]>
            </line>
          </reporter-output>
        </test-method> <!-- testLoginToApplication -->
        <test-method status="PASS" signature="addResultToReport(org.testng.ITestResult)[pri:0, instance:testcases.TestLoginPage@2d2e5f00]" name="addResultToReport" is-config="true" duration-ms="503" started-at="2020-05-01T13:25:21Z" finished-at="2020-05-01T13:25:22Z">
          <params>
            <param index="0">
              <value>
                <![CDATA[[TestResult name=testLoginToApplication status=SUCCESS method=TestLoginPage.testLoginToApplication()[pri:0, instance:testcases.TestLoginPage@2d2e5f00] output=LOG INFO: wait]]]>
              </value>
            </param>
          </params>
          <reporter-output>
          </reporter-output>
        </test-method> <!-- addResultToReport -->
        <test-method status="PASS" signature="closeBrowserSession()[pri:0, instance:testcases.TestLoginPage@2d2e5f00]" name="closeBrowserSession" is-config="true" duration-ms="640" started-at="2020-05-01T13:25:22Z" finished-at="2020-05-01T13:25:22Z">
          <reporter-output>
          </reporter-output>
        </test-method> <!-- closeBrowserSession -->
      </class> <!-- testcases.TestLoginPage -->
    </test> <!-- Default test -->
  </suite> <!-- Default suite -->
</testng-results>
