<?xml version="1.0" encoding="UTF-8"?>
<!-- Generated by org.testng.reporters.JUnitXMLReporter -->
<testsuite hostname="AMITSDELLXPS" ignored="0" name="Default test" tests="4" failures="0" timestamp="2020-05-05T01:17:03 EDT" time="53.652" errors="0">
  <testcase name="createUser" time="14.34" classname="testcases.TestUserPage"/>
  <testcase name="createUser" time="13.649" classname="testcases.TestUserPage"/>
  <testcase name="deleteUsers" time="8.834" classname="testcases.TestUserPage"/>
  <testcase name="deleteUsers" time="8.635" classname="testcases.TestUserPage"/>
</testsuite> <!-- Default test -->
