<?xml version="1.0" encoding="UTF-8"?>
<!-- Generated by org.testng.reporters.JUnitXMLReporter -->
<testsuite hostname="AMITSDELLXPS" name="Test" tests="10" failures="0" timestamp="28 Apr 2020 00:28:59 GMT" time="144.863" errors="0">
  <testcase name="testLoginToApplication" time="5.651" classname="testcases.TestLoginPage"/>
  <testcase name="assignLeaveToEmployee" time="16.914" classname="testcases.TestDashboardPage"/>
  <testcase name="assignLeaveToEmployee" time="16.371" classname="testcases.TestDashboardPage"/>
  <testcase name="assignLeaveToEmployee" time="14.889" classname="testcases.TestDashboardPage"/>
  <testcase name="createUser" time="12.364" classname="testcases.TestUserPage"/>
  <testcase name="createUser" time="11.814" classname="testcases.TestUserPage"/>
  <testcase name="createUser" time="11.632" classname="testcases.TestUserPage"/>
  <testcase name="deleteUsers" time="8.784" classname="testcases.TestUserPage"/>
  <testcase name="deleteUsers" time="10.878" classname="testcases.TestUserPage"/>
  <testcase name="deleteUsers" time="9.734" classname="testcases.TestUserPage"/>
</testsuite> <!-- Test -->
